#
# There is insufficient memory for the Java Runtime Environment to continue.
# Native memory allocation (malloc) failed to allocate 32744 bytes for ChunkPool::allocate
# Possible reasons:
#   The system is out of physical RAM or swap space
#   The process is running with CompressedOops enabled, and the Java Heap may be blocking the growth of the native heap
# Possible solutions:
#   Reduce memory load on the system
#   Increase physical memory or swap space
#   Check if swap backing store is full
#   Decrease Java heap size (-Xmx/-Xms)
#   Decrease number of Java threads
#   Decrease Java thread stack sizes (-Xss)
#   Set larger code cache with -XX:ReservedCodeCacheSize=
#   JVM is running with Unscaled Compressed Oops mode in which the Java heap is
#     placed in the first 4GB address space. The Java Heap base address is the
#     maximum limit for the native heap growth. Please use -XX:HeapBaseMinAddress
#     to set the Java Heap base and to place the Java Heap above 4GB virtual address.
# This output file may be truncated or incomplete.
#
#  Out of Memory Error (allocation.cpp:272), pid=18744, tid=0x0000000000003130
#
# JRE version: Java(TM) SE Runtime Environment (8.0_202-b08) (build 1.8.0_202-b08)
# Java VM: Java HotSpot(TM) 64-Bit Server VM (25.202-b08 mixed mode windows-amd64 compressed oops)
# Failed to write core dump. Minidumps are not enabled by default on client versions of Windows
#

---------------  T H R E A D  ---------------

Current thread (0x0000000002a7b000):  JavaThread "Forwarding newSession on session null to remote" [_thread_in_vm, id=12592, stack(0x0000000002970000,0x0000000002a70000)]

Stack: [0x0000000002970000,0x0000000002a70000]
[error occurred during error reporting (printing stack bounds), id 0xc0000005]

Native frames: (J=compiled Java code, j=interpreted, Vv=VM code, C=native code)

Java frames: (J=compiled Java code, j=interpreted, Vv=VM code)
J 1020  java.lang.ClassLoader.defineClass1(Ljava/lang/String;[BIILjava/security/ProtectionDomain;Ljava/lang/String;)Ljava/lang/Class; (0 bytes) @ 0x000000000310255f [0x00000000031024c0+0x9f]
J 1075 C1 java.lang.ClassLoader.defineClass(Ljava/lang/String;[BIILjava/security/ProtectionDomain;)Ljava/lang/Class; (43 bytes) @ 0x000000000314b1e4 [0x000000000314ac00+0x5e4]
J 969 C1 java.net.URLClassLoader.defineClass(Ljava/lang/String;Lsun/misc/Resource;)Ljava/lang/Class; (142 bytes) @ 0x00000000030d7b64 [0x00000000030d6000+0x1b64]
J 645 C1 java.net.URLClassLoader$1.run()Ljava/lang/Class; (63 bytes) @ 0x000000000300f86c [0x000000000300f5a0+0x2cc]
J 644 C1 java.net.URLClassLoader$1.run()Ljava/lang/Object; (5 bytes) @ 0x000000000300f20c [0x000000000300f180+0x8c]
v  ~StubRoutines::call_stub
J 156  java.security.AccessController.doPrivileged(Ljava/security/PrivilegedExceptionAction;Ljava/security/AccessControlContext;)Ljava/lang/Object; (0 bytes) @ 0x0000000002ecab26 [0x0000000002ecaac0+0x66]
J 2109 C2 java.lang.ClassLoader.loadClass(Ljava/lang/String;Z)Ljava/lang/Class; (122 bytes) @ 0x000000000344290c [0x0000000003441d20+0xbec]
J 442 C1 sun.misc.Launcher$AppClassLoader.loadClass(Ljava/lang/String;Z)Ljava/lang/Class; (85 bytes) @ 0x0000000002f72e2c [0x0000000002f72480+0x9ac]
J 441 C1 java.lang.ClassLoader.loadClass(Ljava/lang/String;)Ljava/lang/Class; (7 bytes) @ 0x0000000002f6c88c [0x0000000002f6c780+0x10c]
v  ~StubRoutines::call_stub
j  com.google.common.net.MediaType.create(Ljava/lang/String;Ljava/lang/String;Lcom/google/common/collect/Multimap;)Lcom/google/common/net/MediaType;+168
j  com.google.common.net.MediaType.parse(Ljava/lang/String;)Lcom/google/common/net/MediaType;+216
j  org.openqa.selenium.remote.http.HttpMessage.getContentEncoding()Ljava/nio/charset/Charset;+16
j  org.openqa.selenium.remote.http.HttpResponse.getContentEncoding()Ljava/nio/charset/Charset;+1
j  org.openqa.selenium.remote.http.Contents.string(Lorg/openqa/selenium/remote/http/HttpMessage;)Ljava/lang/String;+5
j  org.openqa.selenium.remote.ProtocolHandshake.createSession(Lorg/openqa/selenium/remote/http/HttpHandler;Ljava/io/InputStream;J)Lorg/openqa/selenium/internal/Either;+80
j  org.openqa.selenium.remote.ProtocolHandshake.createSession(Lorg/openqa/selenium/remote/http/HttpHandler;Lorg/openqa/selenium/remote/NewSessionPayload;)Lorg/openqa/selenium/internal/Either;+89
j  org.openqa.selenium.remote.ProtocolHandshake.createSession(Lorg/openqa/selenium/remote/http/HttpHandler;Lorg/openqa/selenium/remote/Command;)Lorg/openqa/selenium/remote/ProtocolHandshake$Result;+41
j  org.openqa.selenium.remote.HttpCommandExecutor.execute(Lorg/openqa/selenium/remote/Command;)Lorg/openqa/selenium/remote/Response;+122
j  org.openqa.selenium.remote.service.DriverCommandExecutor.invokeExecute(Lorg/openqa/selenium/remote/Command;)Lorg/openqa/selenium/remote/Response;+2
j  org.openqa.selenium.remote.service.DriverCommandExecutor.execute(Lorg/openqa/selenium/remote/Command;)Lorg/openqa/selenium/remote/Response;+195
j  org.openqa.selenium.remote.RemoteWebDriver.execute(Lorg/openqa/selenium/remote/CommandPayload;)Lorg/openqa/selenium/remote/Response;+76
j  org.openqa.selenium.remote.RemoteWebDriver.startSession(Lorg/openqa/selenium/Capabilities;)V+8
j  org.openqa.selenium.remote.RemoteWebDriver.<init>(Lorg/openqa/selenium/remote/CommandExecutor;Lorg/openqa/selenium/Capabilities;)V+85
j  org.openqa.selenium.chromium.ChromiumDriver.<init>(Lorg/openqa/selenium/remote/CommandExecutor;Lorg/openqa/selenium/Capabilities;Ljava/lang/String;)V+3
j  org.openqa.selenium.chrome.ChromeDriver.<init>(Lorg/openqa/selenium/chrome/ChromeDriverService;Lorg/openqa/selenium/Capabilities;)V+12
j  org.openqa.selenium.chrome.ChromeDriver.<init>(Lorg/openqa/selenium/chrome/ChromeDriverService;Lorg/openqa/selenium/chrome/ChromeOptions;)V+3
j  org.openqa.selenium.chrome.ChromeDriver.<init>()V+11
j  login.RunnerLogin.start()V+10
v  ~StubRoutines::call_stub
j  sun.reflect.NativeMethodAccessorImpl.invoke0(Ljava/lang/reflect/Method;Ljava/lang/Object;[Ljava/lang/Object;)Ljava/lang/Object;+0
j  sun.reflect.NativeMethodAccessorImpl.invoke(Ljava/lang/Object;[Ljava/lang/Object;)Ljava/lang/Object;+100
j  sun.reflect.DelegatingMethodAccessorImpl.invoke(Ljava/lang/Object;[Ljava/lang/Object;)Ljava/lang/Object;+6
J 1532 C1 java.lang.reflect.Method.invoke(Ljava/lang/Object;[Ljava/lang/Object;)Ljava/lang/Object; (62 bytes) @ 0x00000000032627ec [0x0000000003262400+0x3ec]
j  org.testng.internal.MethodInvocationHelper.invokeMethod(Ljava/lang/reflect/Method;Ljava/lang/Object;[Ljava/lang/Object;)Ljava/lang/Object;+258
j  org.testng.internal.MethodInvocationHelper.invokeMethodConsideringTimeout(Lorg/testng/ITestNGMethod;Lorg/testng/internal/ConstructorOrMethod;Ljava/lang/Object;[Ljava/lang/Object;Lorg/testng/ITestResult;)V+15
j  org.testng.internal.ConfigInvoker.invokeConfigurationMethod(Ljava/lang/Object;Lorg/testng/ITestNGMethod;[Ljava/lang/Object;Lorg/testng/ITestResult;)V+193
j  org.testng.internal.ConfigInvoker.invokeConfigurations(Lorg/testng/internal/ConfigMethodArguments;)V+575
j  org.testng.internal.TestMethodWorker.invokeBeforeClassMethods(Lorg/testng/ITestClass;Lorg/testng/IMethodInstance;)V+167
j  org.testng.internal.TestMethodWorker.run()V+102
j  org.testng.TestRunner$$Lambda$91.accept(Ljava/lang/Object;)V+7
j  java.util.ArrayList.forEach(Ljava/util/function/Consumer;)V+47
j  org.testng.TestRunner.privateRun(Lorg/testng/xml/XmlTest;)V+380
j  org.testng.TestRunner.run()V+25
j  org.testng.SuiteRunner.runTest(Lorg/testng/TestRunner;)V+21
j  org.testng.SuiteRunner.runSequentially()V+31
j  org.testng.SuiteRunner.privateRun()V+332
j  org.testng.SuiteRunner.run()V+6
j  org.testng.SuiteRunnerWorker.runSuite(Lorg/testng/internal/SuiteRunnerMap;Lorg/testng/xml/XmlSuite;)V+87
j  org.testng.SuiteRunnerWorker.run()V+12
j  org.testng.TestNG.runSuitesSequentially(Lorg/testng/xml/XmlSuite;Lorg/testng/internal/SuiteRunnerMap;ILjava/lang/String;)V+66
j  org.testng.TestNG.runSuitesLocally()Ljava/util/List;+156
j  org.testng.TestNG.runSuites()Ljava/util/List;+1
j  org.testng.TestNG.run()V+25
j  com.intellij.rt.testng.IDEARemoteTestNG.run()V+270
j  com.intellij.rt.testng.RemoteTestNGStarter.main([Ljava/lang/String;)V+536
v  ~StubRoutines::call_stub

---------------  P R O C E S S  ---------------

Java Threads: ( => current thread )
  0x000000001bd9e800 JavaThread "AsyncHttpClient-1-2" daemon [_thread_in_native, id=13464, stack(0x000000001e1e0000,0x000000001e2e0000)]
  0x000000001bda3000 JavaThread "Keep-Alive-Timer" daemon [_thread_blocked, id=4508, stack(0x000000001dde0000,0x000000001dee0000)]
  0x000000001bda0000 JavaThread "Exec Stream Pumper" daemon [_thread_in_native, id=16752, stack(0x000000001dbe0000,0x000000001dce0000)]
  0x000000001bda0800 JavaThread "Exec Stream Pumper" daemon [_thread_in_native, id=18232, stack(0x000000001dae0000,0x000000001dbe0000)]
  0x000000001bd9b000 JavaThread "UrlChecker-2" daemon [_thread_blocked, id=1232, stack(0x000000001d9e0000,0x000000001dae0000)]
  0x000000001bd9a800 JavaThread "Driver Service Executor" daemon [_thread_blocked, id=18912, stack(0x000000001d8e0000,0x000000001d9e0000)]
  0x000000001bd98800 JavaThread "Driver Service Executor" daemon [_thread_blocked, id=14452, stack(0x000000001d7e0000,0x000000001d8e0000)]
  0x000000001af9d000 JavaThread "Exec Default Executor" daemon [_thread_in_native, id=9188, stack(0x000000001d6e0000,0x000000001d7e0000)]
  0x000000001bb7c800 JavaThread "AsyncHttpClient-1-1" daemon [_thread_blocked, id=11888, stack(0x000000001d3e0000,0x000000001d4e0000)]
  0x000000001ac49000 JavaThread "ForkJoinPool.commonPool-worker-2" daemon [_thread_blocked, id=17220, stack(0x000000001b610000,0x000000001b710000)]
  0x000000001a029000 JavaThread "ForkJoinPool.commonPool-worker-1" daemon [_thread_blocked, id=20348, stack(0x000000001b510000,0x000000001b610000)]
  0x0000000018e9f800 JavaThread "Service Thread" daemon [_thread_blocked, id=7892, stack(0x0000000019600000,0x0000000019700000)]
  0x0000000018e6c800 JavaThread "C1 CompilerThread2" daemon [_thread_blocked, id=13120, stack(0x0000000019500000,0x0000000019600000)]
  0x00000000177fe800 JavaThread "C2 CompilerThread1" daemon [_thread_blocked, id=20152, stack(0x0000000019400000,0x0000000019500000)]
  0x00000000177ce800 JavaThread "C2 CompilerThread0" daemon [_thread_in_native, id=18272, stack(0x0000000019300000,0x0000000019400000)]
  0x0000000018e43000 JavaThread "Monitor Ctrl-Break" daemon [_thread_in_native, id=11820, stack(0x0000000019200000,0x0000000019300000)]
  0x00000000177b0800 JavaThread "Attach Listener" daemon [_thread_blocked, id=1392, stack(0x0000000018d00000,0x0000000018e00000)]
  0x00000000177ae800 JavaThread "Signal Dispatcher" daemon [_thread_blocked, id=12420, stack(0x0000000018c00000,0x0000000018d00000)]
  0x000000001778f800 JavaThread "Finalizer" daemon [_thread_blocked, id=13088, stack(0x0000000018a00000,0x0000000018b00000)]
  0x0000000017788800 JavaThread "Reference Handler" daemon [_thread_blocked, id=2824, stack(0x0000000018900000,0x0000000018a00000)]
=>0x0000000002a7b000 JavaThread "Forwarding newSession on session null to remote" [_thread_in_vm, id=12592, stack(0x0000000002970000,0x0000000002a70000)]

Other Threads:
  0x0000000017767000 VMThread [stack: 0x0000000018800000,0x0000000018900000] [id=20432]
  0x0000000018ea2800 WatcherThread [stack: 0x0000000019700000,0x0000000019800000] [id=17268]

VM state:not at safepoint (normal execution)

VM Mutex/Monitor currently owned by a thread: None

heap address: 0x0000000083200000, size: 1998 MB, Compressed Oops mode: 32-bit
Narrow klass base: 0x0000000000000000, Narrow klass shift: 3
Compressed class space size: 1073741824 Address: 0x0000000100000000

Heap:
 PSYoungGen      total 110080K, used 38234K [0x00000000d6600000, 0x00000000df600000, 0x0000000100000000)
  eden space 101888K, 29% used [0x00000000d6600000,0x00000000d8359358,0x00000000dc980000)
  from space 8192K, 99% used [0x00000000dee00000,0x00000000df5fd4b0,0x00000000df600000)
  to   space 9216K, 0% used [0x00000000de400000,0x00000000de400000,0x00000000ded00000)
 ParOldGen       total 57344K, used 8460K [0x0000000083200000, 0x0000000086a00000, 0x00000000d6600000)
  object space 57344K, 14% used [0x0000000083200000,0x0000000083a43240,0x0000000086a00000)
 Metaspace       used 29892K, capacity 31466K, committed 31616K, reserved 1077248K
  class space    used 3860K, capacity 4215K, committed 4224K, reserved 1048576K

Card table byte_map: [0x0000000012110000,0x0000000012500000] byte_map_base: 0x0000000011cf7000

Marking Bits: (ParMarkBitMap*) 0x0000000055145ce0
 Begin Bits: [0x0000000012ba0000, 0x0000000014ad8000)
 End Bits:   [0x0000000014ad8000, 0x0000000016a10000)

Polling page: 0x0000000000b70000

CodeCache: size=245760Kb used=7220Kb max_used=7230Kb free=238539Kb
 bounds [0x0000000002d50000, 0x0000000003470000, 0x0000000011d50000]
 total_blobs=2690 nmethods=2205 adapters=397
 compilation: enabled

Compilation events (10 events):
Event: 8.105 Thread 0x00000000177fe800 nmethod 2201 0x000000000345ee10 code [0x000000000345ef60, 0x000000000345f328]
Event: 8.106 Thread 0x00000000177ce800 2202  s!   4       java.net.URLStreamHandler::getHostAddress (54 bytes)
Event: 8.110 Thread 0x00000000177ce800 nmethod 2202 0x000000000345e850 code [0x000000000345e9a0, 0x000000000345ecd8]
Event: 8.112 Thread 0x0000000018e6c800 2203       3       com.google.common.base.Preconditions::checkNotNull (14 bytes)
Event: 8.113 Thread 0x0000000018e6c800 nmethod 2203 0x000000000345e3d0 code [0x000000000345e540, 0x000000000345e768]
Event: 8.126 Thread 0x00000000177fe800 2204       4       java.util.jar.Attributes$Name::hashCode (24 bytes)
Event: 8.135 Thread 0x00000000177fe800 nmethod 2204 0x000000000345de10 code [0x000000000345df60, 0x000000000345e238]
Event: 8.139 Thread 0x0000000018e6c800 2205       3       java.util.LinkedHashMap$LinkedEntrySet::<init> (10 bytes)
Event: 8.139 Thread 0x0000000018e6c800 nmethod 2205 0x00000000034604d0 code [0x0000000003460640, 0x00000000034608d0]
Event: 8.143 Thread 0x00000000177ce800 2206       4       java.net.URLClassLoader$1::run (5 bytes)

GC Heap History (10 events):
Event: 2.125 GC heap before
{Heap before GC invocations=3 (full 0):
 PSYoungGen      total 37888K, used 37831K [0x00000000d6600000, 0x00000000db000000, 0x0000000100000000)
  eden space 32768K, 100% used [0x00000000d6600000,0x00000000d8600000,0x00000000d8600000)
  from space 5120K, 98% used [0x00000000d8b00000,0x00000000d8ff1d40,0x00000000d9000000)
  to   space 5120K, 0% used [0x00000000d8600000,0x00000000d8600000,0x00000000d8b00000)
 ParOldGen       total 86016K, used 88K [0x0000000083200000, 0x0000000088600000, 0x00000000d6600000)
  object space 86016K, 0% used [0x0000000083200000,0x0000000083216010,0x0000000088600000)
 Metaspace       used 14424K, capacity 15002K, committed 15232K, reserved 1062912K
  class space    used 1684K, capacity 1857K, committed 1920K, reserved 1048576K
Event: 2.131 GC heap after
Heap after GC invocations=3 (full 0):
 PSYoungGen      total 37888K, used 5116K [0x00000000d6600000, 0x00000000db000000, 0x0000000100000000)
  eden space 32768K, 0% used [0x00000000d6600000,0x00000000d6600000,0x00000000d8600000)
  from space 5120K, 99% used [0x00000000d8600000,0x00000000d8aff3a0,0x00000000d8b00000)
  to   space 5120K, 0% used [0x00000000dab00000,0x00000000dab00000,0x00000000db000000)
 ParOldGen       total 86016K, used 254K [0x0000000083200000, 0x0000000088600000, 0x00000000d6600000)
  object space 86016K, 0% used [0x0000000083200000,0x000000008323fb10,0x0000000088600000)
 Metaspace       used 14424K, capacity 15002K, committed 15232K, reserved 1062912K
  class space    used 1684K, capacity 1857K, committed 1920K, reserved 1048576K
}
Event: 2.409 GC heap before
{Heap before GC invocations=4 (full 0):
 PSYoungGen      total 37888K, used 37884K [0x00000000d6600000, 0x00000000db000000, 0x0000000100000000)
  eden space 32768K, 100% used [0x00000000d6600000,0x00000000d8600000,0x00000000d8600000)
  from space 5120K, 99% used [0x00000000d8600000,0x00000000d8aff3a0,0x00000000d8b00000)
  to   space 5120K, 0% used [0x00000000dab00000,0x00000000dab00000,0x00000000db000000)
 ParOldGen       total 86016K, used 254K [0x0000000083200000, 0x0000000088600000, 0x00000000d6600000)
  object space 86016K, 0% used [0x0000000083200000,0x000000008323fb10,0x0000000088600000)
 Metaspace       used 16190K, capacity 16900K, committed 17024K, reserved 1064960K
  class space    used 1953K, capacity 2148K, committed 2176K, reserved 1048576K
Event: 2.415 GC heap after
Heap after GC invocations=4 (full 0):
 PSYoungGen      total 70656K, used 5116K [0x00000000d6600000, 0x00000000db000000, 0x0000000100000000)
  eden space 65536K, 0% used [0x00000000d6600000,0x00000000d6600000,0x00000000da600000)
  from space 5120K, 99% used [0x00000000dab00000,0x00000000dafff0a8,0x00000000db000000)
  to   space 5120K, 0% used [0x00000000da600000,0x00000000da600000,0x00000000dab00000)
 ParOldGen       total 86016K, used 403K [0x0000000083200000, 0x0000000088600000, 0x00000000d6600000)
  object space 86016K, 0% used [0x0000000083200000,0x0000000083264f48,0x0000000088600000)
 Metaspace       used 16190K, capacity 16900K, committed 17024K, reserved 1064960K
  class space    used 1953K, capacity 2148K, committed 2176K, reserved 1048576K
}
Event: 3.089 GC heap before
{Heap before GC invocations=5 (full 0):
 PSYoungGen      total 70656K, used 51606K [0x00000000d6600000, 0x00000000db000000, 0x0000000100000000)
  eden space 65536K, 70% used [0x00000000d6600000,0x00000000d9366af8,0x00000000da600000)
  from space 5120K, 99% used [0x00000000dab00000,0x00000000dafff0a8,0x00000000db000000)
  to   space 5120K, 0% used [0x00000000da600000,0x00000000da600000,0x00000000dab00000)
 ParOldGen       total 86016K, used 403K [0x0000000083200000, 0x0000000088600000, 0x00000000d6600000)
  object space 86016K, 0% used [0x0000000083200000,0x0000000083264f48,0x0000000088600000)
 Metaspace       used 20235K, capacity 21092K, committed 21248K, reserved 1067008K
  class space    used 2471K, capacity 2710K, committed 2816K, reserved 1048576K
Event: 3.100 GC heap after
Heap after GC invocations=5 (full 0):
 PSYoungGen      total 70656K, used 5088K [0x00000000d6600000, 0x00000000df600000, 0x0000000100000000)
  eden space 65536K, 0% used [0x00000000d6600000,0x00000000d6600000,0x00000000da600000)
  from space 5120K, 99% used [0x00000000da600000,0x00000000daaf83d0,0x00000000dab00000)
  to   space 8192K, 0% used [0x00000000dee00000,0x00000000dee00000,0x00000000df600000)
 ParOldGen       total 86016K, used 3755K [0x0000000083200000, 0x0000000088600000, 0x00000000d6600000)
  object space 86016K, 4% used [0x0000000083200000,0x00000000835aaf10,0x0000000088600000)
 Metaspace       used 20235K, capacity 21092K, committed 21248K, reserved 1067008K
  class space    used 2471K, capacity 2710K, committed 2816K, reserved 1048576K
}
Event: 3.100 GC heap before
{Heap before GC invocations=6 (full 1):
 PSYoungGen      total 70656K, used 5088K [0x00000000d6600000, 0x00000000df600000, 0x0000000100000000)
  eden space 65536K, 0% used [0x00000000d6600000,0x00000000d6600000,0x00000000da600000)
  from space 5120K, 99% used [0x00000000da600000,0x00000000daaf83d0,0x00000000dab00000)
  to   space 8192K, 0% used [0x00000000dee00000,0x00000000dee00000,0x00000000df600000)
 ParOldGen       total 86016K, used 3755K [0x0000000083200000, 0x0000000088600000, 0x00000000d6600000)
  object space 86016K, 4% used [0x0000000083200000,0x00000000835aaf10,0x0000000088600000)
 Metaspace       used 20235K, capacity 21092K, committed 21248K, reserved 1067008K
  class space    used 2471K, capacity 2710K, committed 2816K, reserved 1048576K
Event: 3.137 GC heap after
Heap after GC invocations=6 (full 1):
 PSYoungGen      total 70656K, used 0K [0x00000000d6600000, 0x00000000df600000, 0x0000000100000000)
  eden space 65536K, 0% used [0x00000000d6600000,0x00000000d6600000,0x00000000da600000)
  from space 5120K, 0% used [0x00000000da600000,0x00000000da600000,0x00000000dab00000)
  to   space 8192K, 0% used [0x00000000dee00000,0x00000000dee00000,0x00000000df600000)
 ParOldGen       total 57344K, used 8376K [0x0000000083200000, 0x0000000086a00000, 0x00000000d6600000)
  object space 57344K, 14% used [0x0000000083200000,0x0000000083a2e250,0x0000000086a00000)
 Metaspace       used 20235K, capacity 21092K, committed 21248K, reserved 1067008K
  class space    used 2471K, capacity 2710K, committed 2816K, reserved 1048576K
}
Event: 4.628 GC heap before
{Heap before GC invocations=7 (full 1):
 PSYoungGen      total 70656K, used 65536K [0x00000000d6600000, 0x00000000df600000, 0x0000000100000000)
  eden space 65536K, 100% used [0x00000000d6600000,0x00000000da600000,0x00000000da600000)
  from space 5120K, 0% used [0x00000000da600000,0x00000000da600000,0x00000000dab00000)
  to   space 8192K, 0% used [0x00000000dee00000,0x00000000dee00000,0x00000000df600000)
 ParOldGen       total 57344K, used 8376K [0x0000000083200000, 0x0000000086a00000, 0x00000000d6600000)
  object space 57344K, 14% used [0x0000000083200000,0x0000000083a2e250,0x0000000086a00000)
 Metaspace       used 28343K, capacity 29838K, committed 30080K, reserved 1075200K
  class space    used 3606K, capacity 3953K, committed 3968K, reserved 1048576K
Event: 4.636 GC heap after
Heap after GC invocations=7 (full 1):
 PSYoungGen      total 110080K, used 8181K [0x00000000d6600000, 0x00000000df600000, 0x0000000100000000)
  eden space 101888K, 0% used [0x00000000d6600000,0x00000000d6600000,0x00000000dc980000)
  from space 8192K, 99% used [0x00000000dee00000,0x00000000df5fd4b0,0x00000000df600000)
  to   space 9216K, 0% used [0x00000000de400000,0x00000000de400000,0x00000000ded00000)
 ParOldGen       total 57344K, used 8460K [0x0000000083200000, 0x0000000086a00000, 0x00000000d6600000)
  object space 57344K, 14% used [0x0000000083200000,0x0000000083a43240,0x0000000086a00000)
 Metaspace       used 28343K, capacity 29838K, committed 30080K, reserved 1075200K
  class space    used 3606K, capacity 3953K, committed 3968K, reserved 1048576K
}

Deoptimization events (10 events):
Event: 3.291 Thread 0x0000000002a7b000 Uncommon trap: reason=unstable_if action=reinterpret pc=0x00000000033a2b24 method=java.util.jar.Manifest$FastInputStream.readLine([BII)I @ 87
Event: 3.296 Thread 0x0000000002a7b000 Uncommon trap: reason=unstable_if action=reinterpret pc=0x00000000032a11c8 method=java.lang.Integer.parseInt(Ljava/lang/String;I)I @ 122
Event: 3.346 Thread 0x0000000002a7b000 Uncommon trap: reason=bimorphic action=maybe_recompile pc=0x0000000003315af8 method=java.util.regex.Pattern$Curly.match(Ljava/util/regex/Matcher;ILjava/lang/CharSequence;)Z @ 19
Event: 3.346 Thread 0x0000000002a7b000 Uncommon trap: reason=bimorphic action=maybe_recompile pc=0x0000000003315af8 method=java.util.regex.Pattern$Curly.match(Ljava/util/regex/Matcher;ILjava/lang/CharSequence;)Z @ 19
Event: 3.346 Thread 0x0000000002a7b000 Uncommon trap: reason=bimorphic action=maybe_recompile pc=0x0000000003315af8 method=java.util.regex.Pattern$Curly.match(Ljava/util/regex/Matcher;ILjava/lang/CharSequence;)Z @ 19
Event: 3.346 Thread 0x0000000002a7b000 Uncommon trap: reason=bimorphic action=maybe_recompile pc=0x0000000003315af8 method=java.util.regex.Pattern$Curly.match(Ljava/util/regex/Matcher;ILjava/lang/CharSequence;)Z @ 19
Event: 3.569 Thread 0x0000000002a7b000 Uncommon trap: reason=range_check action=make_not_entrant pc=0x00000000033d772c method=java.lang.String.charAt(I)C @ 27
Event: 3.571 Thread 0x0000000002a7b000 Uncommon trap: reason=unstable_if action=reinterpret pc=0x0000000002f322dc method=java.lang.String.replace(CC)Ljava/lang/String; @ 2
Event: 4.149 Thread 0x0000000002a7b000 Uncommon trap: reason=unstable_if action=reinterpret pc=0x00000000030ce854 method=jdk.internal.org.objectweb.asm.Type.getArgumentsAndReturnSizes(Ljava/lang/String;)I @ 41
Event: 4.269 Thread 0x0000000002a7b000 Uncommon trap: reason=unstable_if action=reinterpret pc=0x00000000032a1a68 method=java.util.regex.Pattern$BmpCharProperty.match(Ljava/util/regex/Matcher;ILjava/lang/CharSequence;)Z @ 34

Classes redefined (0 events):
No events

Internal exceptions (10 events):
Event: 3.313 Thread 0x0000000002a7b000 Exception <a 'java/lang/NoClassDefFoundError'> (0x00000000d786f190) thrown at [C:\re\workspace\8-2-build-windows-amd64-cygwin\jdk8u202\12323\hotspot\src\share\vm\oops\instanceKlass.cpp, line 959]
Event: 3.314 Thread 0x0000000002a7b000 Exception <a 'java/lang/NoClassDefFoundError': org/apache/logging/log4j/spi/ExtendedLoggerWrapper> (0x00000000d7899610) thrown at [C:\re\workspace\8-2-build-windows-amd64-cygwin\jdk8u202\12323\hotspot\src\share\vm\classfile\systemDictionary.cpp, line 199]
Event: 3.314 Thread 0x0000000002a7b000 Exception <a 'java/lang/NoClassDefFoundError'> (0x00000000d7899610) thrown at [C:\re\workspace\8-2-build-windows-amd64-cygwin\jdk8u202\12323\hotspot\src\share\vm\prims\jvm.cpp, line 1506]
Event: 3.315 Thread 0x0000000002a7b000 Exception <a 'java/lang/NoClassDefFoundError': org/apache/log4j/Priority> (0x00000000d78bd680) thrown at [C:\re\workspace\8-2-build-windows-amd64-cygwin\jdk8u202\12323\hotspot\src\share\vm\classfile\systemDictionary.cpp, line 199]
Event: 3.506 Thread 0x0000000002a7b000 Exception <a 'java/lang/NoSuchMethodError': java.lang.Object.lambda$andFinally$1(Lorg/openqa/selenium/remote/http/HttpHandler;Lorg/openqa/selenium/remote/http/HttpRequest;)Lorg/openqa/selenium/remote/http/HttpResponse;> (0x00000000d8e9f750) thrown at [C:\
Event: 3.530 Thread 0x0000000002a7b000 Exception <a 'java/lang/IncompatibleClassChangeError': Found class java.lang.Object, but interface was expected> (0x00000000d90dfcd0) thrown at [C:\re\workspace\8-2-build-windows-amd64-cygwin\jdk8u202\12323\hotspot\src\share\vm\interpreter\linkResolver.cp
Event: 3.530 Thread 0x0000000002a7b000 Exception <a 'java/lang/NoSuchMethodError': java.lang.Object.lambda$or$2(Ljava/util/function/Predicate;Ljava/lang/Object;)Z> (0x00000000d90e7d48) thrown at [C:\re\workspace\8-2-build-windows-amd64-cygwin\jdk8u202\12323\hotspot\src\share\vm\interpreter\lin
Event: 4.087 Thread 0x000000001bd9b000 Exception <a 'java/net/SocketTimeoutException': connect timed out> (0x00000000d96ee488) thrown at [C:\re\workspace\8-2-build-windows-amd64-cygwin\jdk8u202\12323\hotspot\src\share\vm\prims\jni.cpp, line 736]
Event: 4.194 Thread 0x0000000002a7b000 Exception <a 'java/lang/NoSuchMethodError': java.lang.Object.lambda$chars$0()Ljava/util/Spliterator$OfInt;> (0x00000000d99999e8) thrown at [C:\re\workspace\8-2-build-windows-amd64-cygwin\jdk8u202\12323\hotspot\src\share\vm\interpreter\linkResolver.cpp, li
Event: 4.236 Thread 0x0000000002a7b000 Exception <a 'java/lang/NoSuchMethodError': java.lang.Object.lambda$negate$1(Ljava/lang/Object;)Z> (0x00000000d9c6e388) thrown at [C:\re\workspace\8-2-build-windows-amd64-cygwin\jdk8u202\12323\hotspot\src\share\vm\interpreter\linkResolver.cpp, line 620]

Events (10 events):
Event: 8.145 loading class com/google/common/base/Joiner$MapJoiner
Event: 8.145 loading class com/google/common/base/Joiner$MapJoiner done
Event: 8.146 loading class com/google/common/net/MediaType$Tokenizer
Event: 8.146 loading class com/google/common/net/MediaType$Tokenizer done
Event: 8.148 loading class com/google/common/collect/NullnessCasts
Event: 8.148 loading class com/google/common/collect/NullnessCasts done
Event: 8.150 loading class com/google/common/collect/ImmutableSet$Indexed$1
Event: 8.150 loading class com/google/common/collect/ImmutableSet$Indexed$1 done
Event: 8.151 loading class com/google/common/base/MoreObjects
Event: 8.151 loading class com/google/common/base/MoreObjects done


Dynamic libraries:
0x00007ff73d910000 - 0x00007ff73d947000 	C:\Program Files\Java\jdk1.8.0_202\bin\java.exe
0x00007fffb9a70000 - 0x00007fffb9c68000 	C:\WINDOWS\SYSTEM32\ntdll.dll
0x00007fffb7d80000 - 0x00007fffb7e3f000 	C:\WINDOWS\System32\KERNEL32.DLL
0x00007fffb7500000 - 0x00007fffb77d2000 	C:\WINDOWS\System32\KERNELBASE.dll
0x00007fffb83e0000 - 0x00007fffb848e000 	C:\WINDOWS\System32\ADVAPI32.dll
0x00007fffb9990000 - 0x00007fffb9a2e000 	C:\WINDOWS\System32\msvcrt.dll
0x00007fffb92b0000 - 0x00007fffb934c000 	C:\WINDOWS\System32\sechost.dll
0x00007fffb9350000 - 0x00007fffb9474000 	C:\WINDOWS\System32\RPCRT4.dll
0x00007fffb7bd0000 - 0x00007fffb7d71000 	C:\WINDOWS\System32\USER32.dll
0x00007fffb73e0000 - 0x00007fffb7402000 	C:\WINDOWS\System32\win32u.dll
0x00007fffb8580000 - 0x00007fffb85ab000 	C:\WINDOWS\System32\GDI32.dll
0x00007fffb77e0000 - 0x00007fffb78ef000 	C:\WINDOWS\System32\gdi32full.dll
0x00007fffb7460000 - 0x00007fffb74fd000 	C:\WINDOWS\System32\msvcp_win.dll
0x00007fffb7200000 - 0x00007fffb7300000 	C:\WINDOWS\System32\ucrtbase.dll
0x00007fffaad00000 - 0x00007fffaaf9a000 	C:\WINDOWS\WinSxS\amd64_microsoft.windows.common-controls_6595b64144ccf1df_6.0.19041.1110_none_60b5254171f9507e\COMCTL32.dll
0x00007fffb9000000 - 0x00007fffb9030000 	C:\WINDOWS\System32\IMM32.DLL
0x00000000551d0000 - 0x00000000552a2000 	C:\Program Files\Java\jdk1.8.0_202\jre\bin\msvcr100.dll
0x0000000054920000 - 0x00000000551c5000 	C:\Program Files\Java\jdk1.8.0_202\jre\bin\server\jvm.dll
0x00007fffb8fe0000 - 0x00007fffb8fe8000 	C:\WINDOWS\System32\PSAPI.DLL
0x00007fffa7760000 - 0x00007fffa7769000 	C:\WINDOWS\SYSTEM32\WSOCK32.dll
0x00007fffaa8a0000 - 0x00007fffaa8c7000 	C:\WINDOWS\SYSTEM32\WINMM.dll
0x00007fffb9100000 - 0x00007fffb916b000 	C:\WINDOWS\System32\WS2_32.dll
0x00007fffae860000 - 0x00007fffae86a000 	C:\WINDOWS\SYSTEM32\VERSION.dll
0x00007fff9c660000 - 0x00007fff9c66f000 	C:\Program Files\Java\jdk1.8.0_202\jre\bin\verify.dll
0x00007fff93c00000 - 0x00007fff93c29000 	C:\Program Files\Java\jdk1.8.0_202\jre\bin\java.dll
0x00007fff93c30000 - 0x00007fff93c53000 	C:\Program Files\Java\jdk1.8.0_202\jre\bin\instrument.dll
0x00007fff96470000 - 0x00007fff96486000 	C:\Program Files\Java\jdk1.8.0_202\jre\bin\zip.dll
0x00007fffb8890000 - 0x00007fffb8fd5000 	C:\WINDOWS\System32\SHELL32.dll
0x00007fffb5210000 - 0x00007fffb59a2000 	C:\WINDOWS\SYSTEM32\windows.storage.dll
0x00007fffb9480000 - 0x00007fffb97d5000 	C:\WINDOWS\System32\combase.dll
0x00007fffb6af0000 - 0x00007fffb6b20000 	C:\WINDOWS\SYSTEM32\Wldp.dll
0x00007fffb85b0000 - 0x00007fffb865d000 	C:\WINDOWS\System32\SHCORE.dll
0x00007fffb9250000 - 0x00007fffb92a5000 	C:\WINDOWS\System32\shlwapi.dll
0x00007fffb70b0000 - 0x00007fffb70cf000 	C:\WINDOWS\SYSTEM32\profapi.dll
0x00007fff9a9e0000 - 0x00007fff9a9fa000 	C:\Program Files\JetBrains\IntelliJ IDEA Community Edition 2021.3.2\bin\breakgen64.dll
0x00007fff99650000 - 0x00007fff9966a000 	C:\Program Files\Java\jdk1.8.0_202\jre\bin\net.dll
0x00007fffacc30000 - 0x00007ffface1c000 	C:\WINDOWS\SYSTEM32\urlmon.dll
0x00007fffaafa0000 - 0x00007fffab251000 	C:\WINDOWS\SYSTEM32\iertutil.dll
0x00007fffaa470000 - 0x00007fffaa498000 	C:\WINDOWS\SYSTEM32\srvcli.dll
0x00007fffb6650000 - 0x00007fffb665c000 	C:\WINDOWS\SYSTEM32\netutils.dll
0x00007fffb6850000 - 0x00007fffb68ba000 	C:\WINDOWS\system32\mswsock.dll
0x00007fffb6a50000 - 0x00007fffb6a68000 	C:\WINDOWS\SYSTEM32\CRYPTSP.dll
0x00007fffb6170000 - 0x00007fffb61a4000 	C:\WINDOWS\system32\rsaenh.dll
0x00007fffb73b0000 - 0x00007fffb73d7000 	C:\WINDOWS\System32\bcrypt.dll
0x00007fffb7030000 - 0x00007fffb705e000 	C:\WINDOWS\SYSTEM32\USERENV.dll
0x00007fffb7170000 - 0x00007fffb71f2000 	C:\WINDOWS\System32\bcryptprimitives.dll
0x00007fffb6a40000 - 0x00007fffb6a4c000 	C:\WINDOWS\SYSTEM32\CRYPTBASE.dll
0x00007fffb6540000 - 0x00007fffb657b000 	C:\WINDOWS\SYSTEM32\IPHLPAPI.DLL
0x00007fffb8ff0000 - 0x00007fffb8ff8000 	C:\WINDOWS\System32\NSI.dll
0x00007fffad410000 - 0x00007fffad427000 	C:\WINDOWS\SYSTEM32\dhcpcsvc6.DLL
0x00007fffae640000 - 0x00007fffae65d000 	C:\WINDOWS\SYSTEM32\dhcpcsvc.DLL
0x00007fffb6580000 - 0x00007fffb664b000 	C:\WINDOWS\SYSTEM32\DNSAPI.dll
0x00007fff99630000 - 0x00007fff99642000 	C:\Program Files\Java\jdk1.8.0_202\jre\bin\nio.dll
0x00007fff9dca0000 - 0x00007fff9dcc4000 	C:\Program Files\Java\jdk1.8.0_202\jre\bin\sunec.dll
0x00007fffaa8d0000 - 0x00007fffaa8da000 	C:\Windows\System32\rasadhlp.dll
0x00007fffaa280000 - 0x00007fffaa300000 	C:\WINDOWS\System32\fwpuclnt.dll
0x00007fff9fa00000 - 0x00007fff9fa0b000 	C:\Program Files\Java\jdk1.8.0_202\jre\bin\sunmscapi.dll
0x00007fffb78f0000 - 0x00007fffb7a46000 	C:\WINDOWS\System32\CRYPT32.dll
0x00007fff9dcd0000 - 0x00007fff9dcdd000 	C:\Program Files\Java\jdk1.8.0_202\jre\bin\management.dll
0x00007fff9e830000 - 0x00007fff9e847000 	C:\WINDOWS\system32\napinsp.dll
0x00007fff9e810000 - 0x00007fff9e82b000 	C:\WINDOWS\system32\pnrpnsp.dll
0x00007fffb22b0000 - 0x00007fffb22c5000 	C:\WINDOWS\system32\wshbth.dll
0x00007fffb13c0000 - 0x00007fffb13dd000 	C:\WINDOWS\system32\NLAapi.dll
0x00007fff9e790000 - 0x00007fff9e7a2000 	C:\WINDOWS\System32\winrnr.dll

VM Arguments:
jvm_args: -ea -Didea.test.cyclic.buffer.size=1048576 -javaagent:C:\Program Files\JetBrains\IntelliJ IDEA Community Edition 2021.3.2\lib\idea_rt.jar=50213:C:\Program Files\JetBrains\IntelliJ IDEA Community Edition 2021.3.2\bin -Dfile.encoding=UTF-8 
java_command: com.intellij.rt.testng.RemoteTestNGStarter -usedefaultlisteners false -socket50212 @w@C:\Users\user\AppData\Local\Temp\idea_working_dirs_testng.tmp -temp C:\Users\user\AppData\Local\Temp\idea_testng.tmp
java_class_path (initial): C:\Program Files\JetBrains\IntelliJ IDEA Community Edition 2021.3.2\lib\idea_rt.jar;C:\Program Files\JetBrains\IntelliJ IDEA Community Edition 2021.3.2\plugins\testng\lib\testng-rt.jar;C:\Program Files\Java\jdk1.8.0_202\jre\lib\charsets.jar;C:\Program Files\Java\jdk1.8.0_202\jre\lib\deploy.jar;C:\Program Files\Java\jdk1.8.0_202\jre\lib\ext\access-bridge-64.jar;C:\Program Files\Java\jdk1.8.0_202\jre\lib\ext\cldrdata.jar;C:\Program Files\Java\jdk1.8.0_202\jre\lib\ext\dnsns.jar;C:\Program Files\Java\jdk1.8.0_202\jre\lib\ext\jaccess.jar;C:\Program Files\Java\jdk1.8.0_202\jre\lib\ext\jfxrt.jar;C:\Program Files\Java\jdk1.8.0_202\jre\lib\ext\localedata.jar;C:\Program Files\Java\jdk1.8.0_202\jre\lib\ext\nashorn.jar;C:\Program Files\Java\jdk1.8.0_202\jre\lib\ext\sunec.jar;C:\Program Files\Java\jdk1.8.0_202\jre\lib\ext\sunjce_provider.jar;C:\Program Files\Java\jdk1.8.0_202\jre\lib\ext\sunmscapi.jar;C:\Program Files\Java\jdk1.8.0_202\jre\lib\ext\sunpkcs11.jar;C:\Program Files\Java\jdk1.8.0_202\jre\lib\ext\zipfs.jar;C:\Program Files\Java\jdk1.8.0_202\jre\lib\javaws.jar;C:\Program Files\Java\jdk1.8.0_202\jre\lib\jce.jar;C:\Program Files\Java\jdk1.8.0_202\jre\lib\jfr.jar;C:\Program Files\Java\jdk1.8.0_202\jre\lib\jfxswt.jar;C:\Program Files\Java\jdk1.8.0_202\jre\lib\jsse.jar;C:\Program Files\Java\jdk1.8.0_202\jre\lib\management-agent.jar;C:\Program Files\Java\jdk1.8.0_202\jre\lib\plugin.jar;C:\Program Files\Java\jdk1.8.0_202\jre\lib\resources.jar;C:\Program Files\Java\jdk1.8.0_202\jre\lib\rt.jar;C:\Users\user\Desktop\bddPro\target\test-classes;C:\Users\user\Desktop\bddPro\target\classes;C:\Users\user\Desktop\selenium-java-4.1.2\selenium-api-4.1.2.jar;C:\Users\user\Desktop\selenium-java-4.1.2\selenium-chrome-driver-4.1.2.jar;C:\Users\user\Desktop\selenium-java-4.1.2\selenium-chromium-driver-4.1.2.jar;C:\Users\user\Desktop\selenium-java-4.1.2\selenium-devtools-v85-4.1.2.jar;C:\Users\user\Desktop\selenium-java-4.1.2\selenium-devtools-v95-4.1.2.jar;C:\Use
Launcher Type: SUN_STANDARD

Environment Variables:
JAVA_HOME=C:\Program Files\Java\jdk1.8.0_202
PATH=C:\Program Files (x86)\Common Files\Oracle\Java\javapath;C:\WINDOWS\system32;C:\WINDOWS;C:\WINDOWS\System32\Wbem;C:\WINDOWS\System32\WindowsPowerShell\v1.0\;C:\WINDOWS\System32\OpenSSH\;C:\Program Files\nodejs\;C:\Program Files\Git\cmd;C:\xampp\php;C:\ProgramData\ComposerSetup\bin;C:\ProgramData\Apache-maven\apache-maven-3.8.5;C:\ProgramData\Apache-maven\apache-maven-3.8.5\bin;C:\Program Files\Java\jdk1.8.0_202;C:\Program Files\Java\jdk1.8.0_202\bin;C:\Users\user\AppData\Local\Programs\Python\Python38-32\Scripts\;C:\Users\user\AppData\Local\Programs\Python\Python38-32\;C:\Users\user\AppData\Local\Microsoft\WindowsApps;C:\Windows\System32\;C:\Users\user\AppData\Local\atom\bin;C:\Users\user\AppData\Local\Programs\Microsoft VS Code\bin;C:\Users\user\AppData\Local\Microsoft\WindowsApps;C:\Users\user\AppData\Roaming\npm;C:\Users\user\AppData\Roaming\Composer\vendor\bin;C:\Program Files\JetBrains\IntelliJ IDEA Community Edition 2021.3.2\bin;
USERNAME=user
OS=Windows_NT
PROCESSOR_IDENTIFIER=Intel64 Family 6 Model 142 Stepping 9, GenuineIntel



---------------  S Y S T E M  ---------------

OS: Windows 10.0 , 64 bit Build 19041 (10.0.19041.2546)

CPU:total 4 (initial active 4) (2 cores per cpu, 2 threads per core) family 6 model 142 stepping 9, cmov, cx8, fxsr, mmx, sse, sse2, sse3, ssse3, sse4.1, sse4.2, popcnt, avx, avx2, aes, clmul, erms, 3dnowpref, lzcnt, ht, tsc, tscinvbit, bmi1, bmi2, adx

Memory: 4k page, physical 8180452k(569396k free), swap 20856636k(1576k free)

vm_info: Java HotSpot(TM) 64-Bit Server VM (25.202-b08) for windows-amd64 JRE (1.8.0_202-b08), built on Dec 15 2018 19:54:30 by "java_re" with MS VC++ 10.0 (VS2010)

time: Sun Apr 09 01:11:03 2023
timezone: Egypt Standard Time
elapsed time: 8 seconds (0d 0h 0m 8s)

