#
# There is insufficient memory for the Java Runtime Environment to continue.
# Native memory allocation (malloc) failed to allocate 820816 bytes for Chunk::new
# Possible reasons:
#   The system is out of physical RAM or swap space
#   The process is running with CompressedOops enabled, and the Java Heap may be blocking the growth of the native heap
# Possible solutions:
#   Reduce memory load on the system
#   Increase physical memory or swap space
#   Check if swap backing store is full
#   Decrease Java heap size (-Xmx/-Xms)
#   Decrease number of Java threads
#   Decrease Java thread stack sizes (-Xss)
#   Set larger code cache with -XX:ReservedCodeCacheSize=
#   JVM is running with Unscaled Compressed Oops mode in which the Java heap is
#     placed in the first 4GB address space. The Java Heap base address is the
#     maximum limit for the native heap growth. Please use -XX:HeapBaseMinAddress
#     to set the Java Heap base and to place the Java Heap above 4GB virtual address.
# This output file may be truncated or incomplete.
#
#  Out of Memory Error (allocation.cpp:389), pid=16688, tid=0x0000000000001338
#
# JRE version: Java(TM) SE Runtime Environment (8.0_202-b08) (build 1.8.0_202-b08)
# Java VM: Java HotSpot(TM) 64-Bit Server VM (25.202-b08 mixed mode windows-amd64 compressed oops)
# Failed to write core dump. Minidumps are not enabled by default on client versions of Windows
#

---------------  T H R E A D  ---------------

Current thread (0x0000000017d81000):  JavaThread "C2 CompilerThread1" daemon [_thread_in_native, id=4920, stack(0x00000000199a0000,0x0000000019aa0000)]

Stack: [0x00000000199a0000,0x0000000019aa0000]
[error occurred during error reporting (printing stack bounds), id 0xc0000005]

Native frames: (J=compiled Java code, j=interpreted, Vv=VM code, C=native code)


Current CompileTask:
C2:  25804 2237       4       java.net.URLClassLoader$1::run (5 bytes)


---------------  P R O C E S S  ---------------

Java Threads: ( => current thread )
  0x000000001b1bd800 JavaThread "AsyncHttpClient-1-2" daemon [_thread_in_native, id=6364, stack(0x000000001e480000,0x000000001e580000)]
  0x0000000019ddf000 JavaThread "Exec Stream Pumper" daemon [_thread_in_native, id=6576, stack(0x000000001df80000,0x000000001e080000)]
  0x0000000019dde800 JavaThread "Exec Stream Pumper" daemon [_thread_in_native, id=13244, stack(0x000000001de80000,0x000000001df80000)]
  0x000000001b060000 JavaThread "UrlChecker-2" daemon [_thread_blocked, id=12196, stack(0x000000001dd80000,0x000000001de80000)]
  0x000000001b05f800 JavaThread "Driver Service Executor" daemon [_thread_blocked, id=9772, stack(0x000000001dc80000,0x000000001dd80000)]
  0x000000001ab15800 JavaThread "Driver Service Executor" daemon [_thread_blocked, id=16060, stack(0x000000001db80000,0x000000001dc80000)]
  0x000000001addf000 JavaThread "Exec Default Executor" daemon [_thread_in_native, id=3256, stack(0x000000001da80000,0x000000001db80000)]
  0x000000001a6d5000 JavaThread "AsyncHttpClient-1-1" daemon [_thread_blocked, id=19756, stack(0x000000001bbb0000,0x000000001bcb0000)]
  0x0000000019432800 JavaThread "Service Thread" daemon [_thread_blocked, id=13528, stack(0x0000000019ba0000,0x0000000019ca0000)]
  0x0000000017d82800 JavaThread "C1 CompilerThread2" daemon [_thread_blocked, id=10404, stack(0x0000000019aa0000,0x0000000019ba0000)]
=>0x0000000017d81000 JavaThread "C2 CompilerThread1" daemon [_thread_in_native, id=4920, stack(0x00000000199a0000,0x0000000019aa0000)]
  0x0000000017d7e000 JavaThread "C2 CompilerThread0" daemon [_thread_blocked, id=19848, stack(0x00000000198a0000,0x00000000199a0000)]
  0x00000000193e3000 JavaThread "Monitor Ctrl-Break" daemon [_thread_in_native, id=19948, stack(0x00000000197a0000,0x00000000198a0000)]
  0x0000000017d60800 JavaThread "Attach Listener" daemon [_thread_blocked, id=7748, stack(0x00000000192a0000,0x00000000193a0000)]
  0x0000000017d5e800 JavaThread "Signal Dispatcher" daemon [_thread_blocked, id=12092, stack(0x00000000191a0000,0x00000000192a0000)]
  0x000000000311d800 JavaThread "Finalizer" daemon [_thread_blocked, id=17972, stack(0x0000000018fa0000,0x00000000190a0000)]
  0x0000000017d3a000 JavaThread "Reference Handler" daemon [_thread_blocked, id=18268, stack(0x0000000018ea0000,0x0000000018fa0000)]
  0x000000000302b000 JavaThread "Forwarding newSession on session null to remote" [_thread_in_native, id=18700, stack(0x0000000002f20000,0x0000000003020000)]

Other Threads:
  0x0000000017d17000 VMThread [stack: 0x0000000018da0000,0x0000000018ea0000] [id=4584]
  0x00000000194df800 WatcherThread [stack: 0x0000000019ca0000,0x0000000019da0000] [id=16832]

VM state:not at safepoint (normal execution)

VM Mutex/Monitor currently owned by a thread: None

heap address: 0x0000000083200000, size: 1998 MB, Compressed Oops mode: 32-bit
Narrow klass base: 0x0000000000000000, Narrow klass shift: 3
Compressed class space size: 1073741824 Address: 0x0000000100000000

Heap:
 PSYoungGen      total 115200K, used 44870K [0x00000000d6600000, 0x00000000df600000, 0x0000000100000000)
  eden space 107008K, 34% used [0x00000000d6600000,0x00000000d8a034d8,0x00000000dce80000)
  from space 8192K, 97% used [0x00000000dee00000,0x00000000df5ce3e8,0x00000000df600000)
  to   space 9216K, 0% used [0x00000000de400000,0x00000000de400000,0x00000000ded00000)
 ParOldGen       total 55296K, used 8345K [0x0000000083200000, 0x0000000086800000, 0x00000000d6600000)
  object space 55296K, 15% used [0x0000000083200000,0x0000000083a265c0,0x0000000086800000)
 Metaspace       used 30172K, capacity 31764K, committed 32000K, reserved 1077248K
  class space    used 3902K, capacity 4238K, committed 4352K, reserved 1048576K

Card table byte_map: [0x00000000126c0000,0x0000000012ab0000] byte_map_base: 0x00000000122a7000

Marking Bits: (ParMarkBitMap*) 0x0000000055145ce0
 Begin Bits: [0x0000000013150000, 0x0000000015088000)
 End Bits:   [0x0000000015088000, 0x0000000016fc0000)

Polling page: 0x0000000001580000

CodeCache: size=245760Kb used=6677Kb max_used=7207Kb free=239082Kb
 bounds [0x0000000003300000, 0x0000000003a20000, 0x0000000012300000]
 total_blobs=2592 nmethods=2089 adapters=415
 compilation: enabled

Compilation events (10 events):
Event: 25.329 Thread 0x0000000017d82800 2250       3       java.lang.invoke.InnerClassLambdaMetafactory::getReturnOpcode (20 bytes)
Event: 25.329 Thread 0x0000000017d82800 nmethod 2250 0x00000000034253d0 code [0x0000000003425540, 0x0000000003425708]
Event: 25.329 Thread 0x0000000017d82800 2251       3       java.lang.invoke.ConstantCallSite::<init> (11 bytes)
Event: 25.329 Thread 0x0000000017d82800 nmethod 2251 0x000000000340df50 code [0x000000000340e0c0, 0x000000000340e390]
Event: 25.378 Thread 0x0000000017d82800 2253       3       java.util.Calendar::internalSet (8 bytes)
Event: 25.378 Thread 0x0000000017d82800 nmethod 2253 0x0000000003425010 code [0x0000000003425160, 0x00000000034252d0]
Event: 25.597 Thread 0x0000000017d82800 2254       3       java.util.RegularEnumSet::add (9 bytes)
Event: 25.598 Thread 0x0000000017d82800 nmethod 2254 0x000000000340da90 code [0x000000000340dc00, 0x000000000340de88]
Event: 25.598 Thread 0x0000000017d82800 2255       3       java.util.RegularEnumSet::add (40 bytes)
Event: 25.599 Thread 0x0000000017d82800 nmethod 2255 0x000000000342a690 code [0x000000000342a800, 0x000000000342ab28]

GC Heap History (10 events):
Event: 2.453 GC heap before
{Heap before GC invocations=3 (full 0):
 PSYoungGen      total 37888K, used 37790K [0x00000000d6600000, 0x00000000d9000000, 0x0000000100000000)
  eden space 32768K, 100% used [0x00000000d6600000,0x00000000d8600000,0x00000000d8600000)
  from space 5120K, 98% used [0x00000000d8b00000,0x00000000d8fe7890,0x00000000d9000000)
  to   space 5120K, 0% used [0x00000000d8600000,0x00000000d8600000,0x00000000d8b00000)
 ParOldGen       total 86016K, used 88K [0x0000000083200000, 0x0000000088600000, 0x00000000d6600000)
  object space 86016K, 0% used [0x0000000083200000,0x0000000083216010,0x0000000088600000)
 Metaspace       used 14468K, capacity 15066K, committed 15232K, reserved 1062912K
  class space    used 1688K, capacity 1857K, committed 1920K, reserved 1048576K
Event: 2.457 GC heap after
Heap after GC invocations=3 (full 0):
 PSYoungGen      total 37888K, used 5118K [0x00000000d6600000, 0x00000000db000000, 0x0000000100000000)
  eden space 32768K, 0% used [0x00000000d6600000,0x00000000d6600000,0x00000000d8600000)
  from space 5120K, 99% used [0x00000000d8600000,0x00000000d8aff868,0x00000000d8b00000)
  to   space 5120K, 0% used [0x00000000dab00000,0x00000000dab00000,0x00000000db000000)
 ParOldGen       total 86016K, used 195K [0x0000000083200000, 0x0000000088600000, 0x00000000d6600000)
  object space 86016K, 0% used [0x0000000083200000,0x0000000083230de8,0x0000000088600000)
 Metaspace       used 14468K, capacity 15066K, committed 15232K, reserved 1062912K
  class space    used 1688K, capacity 1857K, committed 1920K, reserved 1048576K
}
Event: 3.061 GC heap before
{Heap before GC invocations=4 (full 0):
 PSYoungGen      total 37888K, used 37886K [0x00000000d6600000, 0x00000000db000000, 0x0000000100000000)
  eden space 32768K, 100% used [0x00000000d6600000,0x00000000d8600000,0x00000000d8600000)
  from space 5120K, 99% used [0x00000000d8600000,0x00000000d8aff868,0x00000000d8b00000)
  to   space 5120K, 0% used [0x00000000dab00000,0x00000000dab00000,0x00000000db000000)
 ParOldGen       total 86016K, used 195K [0x0000000083200000, 0x0000000088600000, 0x00000000d6600000)
  object space 86016K, 0% used [0x0000000083200000,0x0000000083230de8,0x0000000088600000)
 Metaspace       used 16228K, capacity 16964K, committed 17024K, reserved 1064960K
  class space    used 1959K, capacity 2148K, committed 2176K, reserved 1048576K
Event: 3.076 GC heap after
Heap after GC invocations=4 (full 0):
 PSYoungGen      total 70656K, used 5101K [0x00000000d6600000, 0x00000000db000000, 0x0000000100000000)
  eden space 65536K, 0% used [0x00000000d6600000,0x00000000d6600000,0x00000000da600000)
  from space 5120K, 99% used [0x00000000dab00000,0x00000000daffb6c8,0x00000000db000000)
  to   space 5120K, 0% used [0x00000000da600000,0x00000000da600000,0x00000000dab00000)
 ParOldGen       total 86016K, used 307K [0x0000000083200000, 0x0000000088600000, 0x00000000d6600000)
  object space 86016K, 0% used [0x0000000083200000,0x000000008324cd90,0x0000000088600000)
 Metaspace       used 16228K, capacity 16964K, committed 17024K, reserved 1064960K
  class space    used 1959K, capacity 2148K, committed 2176K, reserved 1048576K
}
Event: 5.477 GC heap before
{Heap before GC invocations=5 (full 0):
 PSYoungGen      total 70656K, used 49944K [0x00000000d6600000, 0x00000000db000000, 0x0000000100000000)
  eden space 65536K, 68% used [0x00000000d6600000,0x00000000d91caa30,0x00000000da600000)
  from space 5120K, 99% used [0x00000000dab00000,0x00000000daffb6c8,0x00000000db000000)
  to   space 5120K, 0% used [0x00000000da600000,0x00000000da600000,0x00000000dab00000)
 ParOldGen       total 86016K, used 307K [0x0000000083200000, 0x0000000088600000, 0x00000000d6600000)
  object space 86016K, 0% used [0x0000000083200000,0x000000008324cd90,0x0000000088600000)
 Metaspace       used 20232K, capacity 21092K, committed 21248K, reserved 1067008K
  class space    used 2469K, capacity 2710K, committed 2816K, reserved 1048576K
Event: 5.485 GC heap after
Heap after GC invocations=5 (full 0):
 PSYoungGen      total 70656K, used 5104K [0x00000000d6600000, 0x00000000df600000, 0x0000000100000000)
  eden space 65536K, 0% used [0x00000000d6600000,0x00000000d6600000,0x00000000da600000)
  from space 5120K, 99% used [0x00000000da600000,0x00000000daafc3b0,0x00000000dab00000)
  to   space 8192K, 0% used [0x00000000dee00000,0x00000000dee00000,0x00000000df600000)
 ParOldGen       total 86016K, used 3645K [0x0000000083200000, 0x0000000088600000, 0x00000000d6600000)
  object space 86016K, 4% used [0x0000000083200000,0x000000008358f568,0x0000000088600000)
 Metaspace       used 20232K, capacity 21092K, committed 21248K, reserved 1067008K
  class space    used 2469K, capacity 2710K, committed 2816K, reserved 1048576K
}
Event: 5.485 GC heap before
{Heap before GC invocations=6 (full 1):
 PSYoungGen      total 70656K, used 5104K [0x00000000d6600000, 0x00000000df600000, 0x0000000100000000)
  eden space 65536K, 0% used [0x00000000d6600000,0x00000000d6600000,0x00000000da600000)
  from space 5120K, 99% used [0x00000000da600000,0x00000000daafc3b0,0x00000000dab00000)
  to   space 8192K, 0% used [0x00000000dee00000,0x00000000dee00000,0x00000000df600000)
 ParOldGen       total 86016K, used 3645K [0x0000000083200000, 0x0000000088600000, 0x00000000d6600000)
  object space 86016K, 4% used [0x0000000083200000,0x000000008358f568,0x0000000088600000)
 Metaspace       used 20232K, capacity 21092K, committed 21248K, reserved 1067008K
  class space    used 2469K, capacity 2710K, committed 2816K, reserved 1048576K
Event: 5.523 GC heap after
Heap after GC invocations=6 (full 1):
 PSYoungGen      total 70656K, used 0K [0x00000000d6600000, 0x00000000df600000, 0x0000000100000000)
  eden space 65536K, 0% used [0x00000000d6600000,0x00000000d6600000,0x00000000da600000)
  from space 5120K, 0% used [0x00000000da600000,0x00000000da600000,0x00000000dab00000)
  to   space 8192K, 0% used [0x00000000dee00000,0x00000000dee00000,0x00000000df600000)
 ParOldGen       total 55296K, used 8337K [0x0000000083200000, 0x0000000086800000, 0x00000000d6600000)
  object space 55296K, 15% used [0x0000000083200000,0x0000000083a245c0,0x0000000086800000)
 Metaspace       used 20232K, capacity 21092K, committed 21248K, reserved 1067008K
  class space    used 2469K, capacity 2710K, committed 2816K, reserved 1048576K
}
Event: 9.294 GC heap before
{Heap before GC invocations=7 (full 1):
 PSYoungGen      total 70656K, used 65536K [0x00000000d6600000, 0x00000000df600000, 0x0000000100000000)
  eden space 65536K, 100% used [0x00000000d6600000,0x00000000da600000,0x00000000da600000)
  from space 5120K, 0% used [0x00000000da600000,0x00000000da600000,0x00000000dab00000)
  to   space 8192K, 0% used [0x00000000dee00000,0x00000000dee00000,0x00000000df600000)
 ParOldGen       total 55296K, used 8337K [0x0000000083200000, 0x0000000086800000, 0x00000000d6600000)
  object space 55296K, 15% used [0x0000000083200000,0x0000000083a245c0,0x0000000086800000)
 Metaspace       used 27964K, capacity 29454K, committed 29568K, reserved 1075200K
  class space    used 3563K, capacity 3889K, committed 3968K, reserved 1048576K
Event: 9.330 GC heap after
Heap after GC invocations=7 (full 1):
 PSYoungGen      total 115200K, used 7992K [0x00000000d6600000, 0x00000000df600000, 0x0000000100000000)
  eden space 107008K, 0% used [0x00000000d6600000,0x00000000d6600000,0x00000000dce80000)
  from space 8192K, 97% used [0x00000000dee00000,0x00000000df5ce3e8,0x00000000df600000)
  to   space 9216K, 0% used [0x00000000de400000,0x00000000de400000,0x00000000ded00000)
 ParOldGen       total 55296K, used 8345K [0x0000000083200000, 0x0000000086800000, 0x00000000d6600000)
  object space 55296K, 15% used [0x0000000083200000,0x0000000083a265c0,0x0000000086800000)
 Metaspace       used 27964K, capacity 29454K, committed 29568K, reserved 1075200K
  class space    used 3563K, capacity 3889K, committed 3968K, reserved 1048576K
}

Deoptimization events (10 events):
Event: 6.138 Thread 0x000000000302b000 Uncommon trap: reason=unstable_if action=reinterpret pc=0x0000000003859448 method=java.lang.Integer.parseInt(Ljava/lang/String;I)I @ 122
Event: 6.293 Thread 0x000000000302b000 Uncommon trap: reason=bimorphic action=maybe_recompile pc=0x00000000038bae38 method=java.util.regex.Pattern$Curly.match(Ljava/util/regex/Matcher;ILjava/lang/CharSequence;)Z @ 19
Event: 6.293 Thread 0x000000000302b000 Uncommon trap: reason=bimorphic action=maybe_recompile pc=0x00000000038bae38 method=java.util.regex.Pattern$Curly.match(Ljava/util/regex/Matcher;ILjava/lang/CharSequence;)Z @ 19
Event: 6.293 Thread 0x000000000302b000 Uncommon trap: reason=bimorphic action=maybe_recompile pc=0x00000000038bae38 method=java.util.regex.Pattern$Curly.match(Ljava/util/regex/Matcher;ILjava/lang/CharSequence;)Z @ 19
Event: 6.293 Thread 0x000000000302b000 Uncommon trap: reason=bimorphic action=maybe_recompile pc=0x00000000038bae38 method=java.util.regex.Pattern$Curly.match(Ljava/util/regex/Matcher;ILjava/lang/CharSequence;)Z @ 19
Event: 7.390 Thread 0x000000000302b000 Uncommon trap: reason=range_check action=make_not_entrant pc=0x000000000398786c method=java.lang.String.charAt(I)C @ 27
Event: 7.393 Thread 0x000000000302b000 Uncommon trap: reason=unstable_if action=reinterpret pc=0x00000000034e155c method=java.lang.String.replace(CC)Ljava/lang/String; @ 2
Event: 8.709 Thread 0x000000000302b000 Uncommon trap: reason=unstable_if action=reinterpret pc=0x00000000036bb898 method=jdk.internal.org.objectweb.asm.Type.getArgumentsAndReturnSizes(Ljava/lang/String;)I @ 41
Event: 9.045 Thread 0x000000000302b000 Uncommon trap: reason=unstable_if action=reinterpret pc=0x0000000003850268 method=java.util.regex.Pattern$BmpCharProperty.match(Ljava/util/regex/Matcher;ILjava/lang/CharSequence;)Z @ 34
Event: 25.376 Thread 0x000000000302b000 Uncommon trap: reason=unstable_if action=reinterpret pc=0x00000000037de988 method=java.util.concurrent.ConcurrentHashMap.putVal(Ljava/lang/Object;Ljava/lang/Object;Z)Ljava/lang/Object; @ 181

Classes redefined (0 events):
No events

Internal exceptions (10 events):
Event: 6.197 Thread 0x000000000302b000 Exception <a 'java/lang/NoClassDefFoundError'> (0x00000000d7941778) thrown at [C:\re\workspace\8-2-build-windows-amd64-cygwin\jdk8u202\12323\hotspot\src\share\vm\prims\jvm.cpp, line 1506]
Event: 6.198 Thread 0x000000000302b000 Exception <a 'java/lang/NoClassDefFoundError': org/apache/log4j/Priority> (0x00000000d79656c8) thrown at [C:\re\workspace\8-2-build-windows-amd64-cygwin\jdk8u202\12323\hotspot\src\share\vm\classfile\systemDictionary.cpp, line 199]
Event: 7.166 Thread 0x000000000302b000 Exception <a 'java/lang/NoSuchMethodError': java.lang.Object.lambda$andFinally$1(Lorg/openqa/selenium/remote/http/HttpHandler;Lorg/openqa/selenium/remote/http/HttpRequest;)Lorg/openqa/selenium/remote/http/HttpResponse;> (0x00000000d8fe4890) thrown at [C:\
Event: 7.239 Thread 0x000000000302b000 Exception <a 'java/lang/IncompatibleClassChangeError': Found class java.lang.Object, but interface was expected> (0x00000000d92277c0) thrown at [C:\re\workspace\8-2-build-windows-amd64-cygwin\jdk8u202\12323\hotspot\src\share\vm\interpreter\linkResolver.cp
Event: 7.250 Thread 0x000000000302b000 Exception <a 'java/lang/NoSuchMethodError': java.lang.Object.lambda$or$2(Ljava/util/function/Predicate;Ljava/lang/Object;)Z> (0x00000000d922f838) thrown at [C:\re\workspace\8-2-build-windows-amd64-cygwin\jdk8u202\12323\hotspot\src\share\vm\interpreter\lin
Event: 8.023 Thread 0x000000001b060000 Exception <a 'java/net/SocketTimeoutException': connect timed out> (0x00000000d979a748) thrown at [C:\re\workspace\8-2-build-windows-amd64-cygwin\jdk8u202\12323\hotspot\src\share\vm\prims\jni.cpp, line 736]
Event: 8.539 Thread 0x000000001b060000 Exception <a 'java/net/SocketTimeoutException': connect timed out> (0x00000000d979bc20) thrown at [C:\re\workspace\8-2-build-windows-amd64-cygwin\jdk8u202\12323\hotspot\src\share\vm\prims\jni.cpp, line 736]
Event: 8.791 Thread 0x000000000302b000 Exception <a 'java/lang/NoSuchMethodError': java.lang.Object.lambda$chars$0()Ljava/util/Spliterator$OfInt;> (0x00000000d9bf0838) thrown at [C:\re\workspace\8-2-build-windows-amd64-cygwin\jdk8u202\12323\hotspot\src\share\vm\interpreter\linkResolver.cpp, li
Event: 8.962 Thread 0x000000000302b000 Exception <a 'java/lang/NoSuchMethodError': java.lang.Object.lambda$negate$1(Ljava/lang/Object;)Z> (0x00000000d9ec3ea0) thrown at [C:\re\workspace\8-2-build-windows-amd64-cygwin\jdk8u202\12323\hotspot\src\share\vm\interpreter\linkResolver.cpp, line 620]
Event: 25.295 Thread 0x000000000302b000 Exception <a 'java/lang/NoSuchMethodError': java.lang.Object.lambda$getResponseFunction$0(Lorg/openqa/selenium/remote/InitialHandshakeResponse;)Lorg/openqa/selenium/remote/ProtocolHandshake$Result;> (0x00000000d8687e70) thrown at [C:\re\workspace\8-2-buil

Events (10 events):
Event: 25.599 Thread 0x0000000017d82800 flushing nmethod 0x00000000034b7590
Event: 25.599 Thread 0x0000000017d82800 flushing nmethod 0x00000000034b7a10
Event: 25.599 Thread 0x0000000017d82800 flushing nmethod 0x00000000034b9050
Event: 25.599 Thread 0x0000000017d82800 flushing nmethod 0x00000000034b9550
Event: 25.599 Thread 0x0000000017d82800 flushing nmethod 0x00000000034b9a10
Event: 25.599 Thread 0x0000000017d82800 flushing nmethod 0x00000000034bafd0
Event: 25.599 Thread 0x0000000017d82800 flushing nmethod 0x00000000034bb310
Event: 25.599 Thread 0x0000000017d82800 flushing nmethod 0x00000000034bc690
Event: 25.600 loading class com/google/common/base/Splitter$5
Event: 25.600 loading class com/google/common/base/Splitter$5 done


Dynamic libraries:
0x00007ff73d910000 - 0x00007ff73d947000 	C:\Program Files\Java\jdk1.8.0_202\bin\java.exe
0x00007fffb9a70000 - 0x00007fffb9c68000 	C:\WINDOWS\SYSTEM32\ntdll.dll
0x00007fffb7d80000 - 0x00007fffb7e3f000 	C:\WINDOWS\System32\KERNEL32.DLL
0x00007fffb7500000 - 0x00007fffb77d2000 	C:\WINDOWS\System32\KERNELBASE.dll
0x00007fffb83e0000 - 0x00007fffb848e000 	C:\WINDOWS\System32\ADVAPI32.dll
0x00007fffb9990000 - 0x00007fffb9a2e000 	C:\WINDOWS\System32\msvcrt.dll
0x00007fffb92b0000 - 0x00007fffb934c000 	C:\WINDOWS\System32\sechost.dll
0x00007fffb9350000 - 0x00007fffb9474000 	C:\WINDOWS\System32\RPCRT4.dll
0x00007fffb7bd0000 - 0x00007fffb7d71000 	C:\WINDOWS\System32\USER32.dll
0x00007fffb73e0000 - 0x00007fffb7402000 	C:\WINDOWS\System32\win32u.dll
0x00007fffb8580000 - 0x00007fffb85ab000 	C:\WINDOWS\System32\GDI32.dll
0x00007fffb77e0000 - 0x00007fffb78ef000 	C:\WINDOWS\System32\gdi32full.dll
0x00007fffb7460000 - 0x00007fffb74fd000 	C:\WINDOWS\System32\msvcp_win.dll
0x00007fffb7200000 - 0x00007fffb7300000 	C:\WINDOWS\System32\ucrtbase.dll
0x00007fffaad00000 - 0x00007fffaaf9a000 	C:\WINDOWS\WinSxS\amd64_microsoft.windows.common-controls_6595b64144ccf1df_6.0.19041.1110_none_60b5254171f9507e\COMCTL32.dll
0x00007fffb9000000 - 0x00007fffb9030000 	C:\WINDOWS\System32\IMM32.DLL
0x00000000551d0000 - 0x00000000552a2000 	C:\Program Files\Java\jdk1.8.0_202\jre\bin\msvcr100.dll
0x0000000054920000 - 0x00000000551c5000 	C:\Program Files\Java\jdk1.8.0_202\jre\bin\server\jvm.dll
0x00007fffb8fe0000 - 0x00007fffb8fe8000 	C:\WINDOWS\System32\PSAPI.DLL
0x00007fffa7760000 - 0x00007fffa7769000 	C:\WINDOWS\SYSTEM32\WSOCK32.dll
0x00007fffb9100000 - 0x00007fffb916b000 	C:\WINDOWS\System32\WS2_32.dll
0x00007fffaa8a0000 - 0x00007fffaa8c7000 	C:\WINDOWS\SYSTEM32\WINMM.dll
0x00007fffae860000 - 0x00007fffae86a000 	C:\WINDOWS\SYSTEM32\VERSION.dll
0x00007fff9c660000 - 0x00007fff9c66f000 	C:\Program Files\Java\jdk1.8.0_202\jre\bin\verify.dll
0x00007fff93c00000 - 0x00007fff93c29000 	C:\Program Files\Java\jdk1.8.0_202\jre\bin\java.dll
0x00007fff93c30000 - 0x00007fff93c53000 	C:\Program Files\Java\jdk1.8.0_202\jre\bin\instrument.dll
0x00007fff96470000 - 0x00007fff96486000 	C:\Program Files\Java\jdk1.8.0_202\jre\bin\zip.dll
0x00007fffb8890000 - 0x00007fffb8fd5000 	C:\WINDOWS\System32\SHELL32.dll
0x00007fffb5210000 - 0x00007fffb59a2000 	C:\WINDOWS\SYSTEM32\windows.storage.dll
0x00007fffb9480000 - 0x00007fffb97d5000 	C:\WINDOWS\System32\combase.dll
0x00007fffb6af0000 - 0x00007fffb6b20000 	C:\WINDOWS\SYSTEM32\Wldp.dll
0x00007fffb85b0000 - 0x00007fffb865d000 	C:\WINDOWS\System32\SHCORE.dll
0x00007fffb9250000 - 0x00007fffb92a5000 	C:\WINDOWS\System32\shlwapi.dll
0x00007fffb70b0000 - 0x00007fffb70cf000 	C:\WINDOWS\SYSTEM32\profapi.dll
0x00007fff9dcd0000 - 0x00007fff9dcea000 	C:\Program Files\JetBrains\IntelliJ IDEA Community Edition 2021.3.2\bin\breakgen64.dll
0x00007fff99650000 - 0x00007fff9966a000 	C:\Program Files\Java\jdk1.8.0_202\jre\bin\net.dll
0x00007fffacc30000 - 0x00007ffface1c000 	C:\WINDOWS\SYSTEM32\urlmon.dll
0x00007fffaafa0000 - 0x00007fffab251000 	C:\WINDOWS\SYSTEM32\iertutil.dll
0x00007fffaa470000 - 0x00007fffaa498000 	C:\WINDOWS\SYSTEM32\srvcli.dll
0x00007fffb6650000 - 0x00007fffb665c000 	C:\WINDOWS\SYSTEM32\netutils.dll
0x00007fffb6850000 - 0x00007fffb68ba000 	C:\WINDOWS\system32\mswsock.dll
0x00007fffb6a50000 - 0x00007fffb6a68000 	C:\WINDOWS\SYSTEM32\CRYPTSP.dll
0x00007fffb6170000 - 0x00007fffb61a4000 	C:\WINDOWS\system32\rsaenh.dll
0x00007fffb73b0000 - 0x00007fffb73d7000 	C:\WINDOWS\System32\bcrypt.dll
0x00007fffb7030000 - 0x00007fffb705e000 	C:\WINDOWS\SYSTEM32\USERENV.dll
0x00007fffb7170000 - 0x00007fffb71f2000 	C:\WINDOWS\System32\bcryptprimitives.dll
0x00007fffb6a40000 - 0x00007fffb6a4c000 	C:\WINDOWS\SYSTEM32\CRYPTBASE.dll
0x00007fffb6540000 - 0x00007fffb657b000 	C:\WINDOWS\SYSTEM32\IPHLPAPI.DLL
0x00007fffb8ff0000 - 0x00007fffb8ff8000 	C:\WINDOWS\System32\NSI.dll
0x00007fffad410000 - 0x00007fffad427000 	C:\WINDOWS\SYSTEM32\dhcpcsvc6.DLL
0x00007fffae640000 - 0x00007fffae65d000 	C:\WINDOWS\SYSTEM32\dhcpcsvc.DLL
0x00007fffb6580000 - 0x00007fffb664b000 	C:\WINDOWS\SYSTEM32\DNSAPI.dll
0x00007fff99630000 - 0x00007fff99642000 	C:\Program Files\Java\jdk1.8.0_202\jre\bin\nio.dll
0x00007fff9dca0000 - 0x00007fff9dcc4000 	C:\Program Files\Java\jdk1.8.0_202\jre\bin\sunec.dll
0x00007fffaa8d0000 - 0x00007fffaa8da000 	C:\Windows\System32\rasadhlp.dll
0x00007fffaa280000 - 0x00007fffaa300000 	C:\WINDOWS\System32\fwpuclnt.dll
0x00007fff9fa00000 - 0x00007fff9fa0b000 	C:\Program Files\Java\jdk1.8.0_202\jre\bin\sunmscapi.dll
0x00007fffb78f0000 - 0x00007fffb7a46000 	C:\WINDOWS\System32\CRYPT32.dll
0x00007fff9dc90000 - 0x00007fff9dc9d000 	C:\Program Files\Java\jdk1.8.0_202\jre\bin\management.dll
0x00007fff9e830000 - 0x00007fff9e847000 	C:\WINDOWS\system32\napinsp.dll
0x00007fff9e810000 - 0x00007fff9e82b000 	C:\WINDOWS\system32\pnrpnsp.dll
0x00007fffb22b0000 - 0x00007fffb22c5000 	C:\WINDOWS\system32\wshbth.dll
0x00007fffb13c0000 - 0x00007fffb13dd000 	C:\WINDOWS\system32\NLAapi.dll
0x00007fff9e790000 - 0x00007fff9e7a2000 	C:\WINDOWS\System32\winrnr.dll

VM Arguments:
jvm_args: -ea -Didea.test.cyclic.buffer.size=1048576 -javaagent:C:\Program Files\JetBrains\IntelliJ IDEA Community Edition 2021.3.2\lib\idea_rt.jar=49987:C:\Program Files\JetBrains\IntelliJ IDEA Community Edition 2021.3.2\bin -Dfile.encoding=UTF-8 
java_command: com.intellij.rt.testng.RemoteTestNGStarter -usedefaultlisteners false -socket49986 @w@C:\Users\user\AppData\Local\Temp\idea_working_dirs_testng.tmp -temp C:\Users\user\AppData\Local\Temp\idea_testng.tmp
java_class_path (initial): C:\Program Files\JetBrains\IntelliJ IDEA Community Edition 2021.3.2\lib\idea_rt.jar;C:\Program Files\JetBrains\IntelliJ IDEA Community Edition 2021.3.2\plugins\testng\lib\testng-rt.jar;C:\Program Files\Java\jdk1.8.0_202\jre\lib\charsets.jar;C:\Program Files\Java\jdk1.8.0_202\jre\lib\deploy.jar;C:\Program Files\Java\jdk1.8.0_202\jre\lib\ext\access-bridge-64.jar;C:\Program Files\Java\jdk1.8.0_202\jre\lib\ext\cldrdata.jar;C:\Program Files\Java\jdk1.8.0_202\jre\lib\ext\dnsns.jar;C:\Program Files\Java\jdk1.8.0_202\jre\lib\ext\jaccess.jar;C:\Program Files\Java\jdk1.8.0_202\jre\lib\ext\jfxrt.jar;C:\Program Files\Java\jdk1.8.0_202\jre\lib\ext\localedata.jar;C:\Program Files\Java\jdk1.8.0_202\jre\lib\ext\nashorn.jar;C:\Program Files\Java\jdk1.8.0_202\jre\lib\ext\sunec.jar;C:\Program Files\Java\jdk1.8.0_202\jre\lib\ext\sunjce_provider.jar;C:\Program Files\Java\jdk1.8.0_202\jre\lib\ext\sunmscapi.jar;C:\Program Files\Java\jdk1.8.0_202\jre\lib\ext\sunpkcs11.jar;C:\Program Files\Java\jdk1.8.0_202\jre\lib\ext\zipfs.jar;C:\Program Files\Java\jdk1.8.0_202\jre\lib\javaws.jar;C:\Program Files\Java\jdk1.8.0_202\jre\lib\jce.jar;C:\Program Files\Java\jdk1.8.0_202\jre\lib\jfr.jar;C:\Program Files\Java\jdk1.8.0_202\jre\lib\jfxswt.jar;C:\Program Files\Java\jdk1.8.0_202\jre\lib\jsse.jar;C:\Program Files\Java\jdk1.8.0_202\jre\lib\management-agent.jar;C:\Program Files\Java\jdk1.8.0_202\jre\lib\plugin.jar;C:\Program Files\Java\jdk1.8.0_202\jre\lib\resources.jar;C:\Program Files\Java\jdk1.8.0_202\jre\lib\rt.jar;C:\Users\user\Desktop\bddPro\target\test-classes;C:\Users\user\Desktop\bddPro\target\classes;C:\Users\user\Desktop\selenium-java-4.1.2\selenium-api-4.1.2.jar;C:\Users\user\Desktop\selenium-java-4.1.2\selenium-chrome-driver-4.1.2.jar;C:\Users\user\Desktop\selenium-java-4.1.2\selenium-chromium-driver-4.1.2.jar;C:\Users\user\Desktop\selenium-java-4.1.2\selenium-devtools-v85-4.1.2.jar;C:\Users\user\Desktop\selenium-java-4.1.2\selenium-devtools-v95-4.1.2.jar;C:\Use
Launcher Type: SUN_STANDARD

Environment Variables:
JAVA_HOME=C:\Program Files\Java\jdk1.8.0_202
PATH=C:\Program Files (x86)\Common Files\Oracle\Java\javapath;C:\WINDOWS\system32;C:\WINDOWS;C:\WINDOWS\System32\Wbem;C:\WINDOWS\System32\WindowsPowerShell\v1.0\;C:\WINDOWS\System32\OpenSSH\;C:\Program Files\nodejs\;C:\Program Files\Git\cmd;C:\xampp\php;C:\ProgramData\ComposerSetup\bin;C:\ProgramData\Apache-maven\apache-maven-3.8.5;C:\ProgramData\Apache-maven\apache-maven-3.8.5\bin;C:\Program Files\Java\jdk1.8.0_202;C:\Program Files\Java\jdk1.8.0_202\bin;C:\Users\user\AppData\Local\Programs\Python\Python38-32\Scripts\;C:\Users\user\AppData\Local\Programs\Python\Python38-32\;C:\Users\user\AppData\Local\Microsoft\WindowsApps;C:\Windows\System32\;C:\Users\user\AppData\Local\atom\bin;C:\Users\user\AppData\Local\Programs\Microsoft VS Code\bin;C:\Users\user\AppData\Local\Microsoft\WindowsApps;C:\Users\user\AppData\Roaming\npm;C:\Users\user\AppData\Roaming\Composer\vendor\bin;C:\Program Files\JetBrains\IntelliJ IDEA Community Edition 2021.3.2\bin;
USERNAME=user
OS=Windows_NT
PROCESSOR_IDENTIFIER=Intel64 Family 6 Model 142 Stepping 9, GenuineIntel



---------------  S Y S T E M  ---------------

OS: Windows 10.0 , 64 bit Build 19041 (10.0.19041.2546)

CPU:total 4 (initial active 4) (2 cores per cpu, 2 threads per core) family 6 model 142 stepping 9, cmov, cx8, fxsr, mmx, sse, sse2, sse3, ssse3, sse4.1, sse4.2, popcnt, avx, avx2, aes, clmul, erms, 3dnowpref, lzcnt, ht, tsc, tscinvbit, bmi1, bmi2, adx

Memory: 4k page, physical 8180452k(617740k free), swap 20856636k(5548k free)

vm_info: Java HotSpot(TM) 64-Bit Server VM (25.202-b08) for windows-amd64 JRE (1.8.0_202-b08), built on Dec 15 2018 19:54:30 by "java_re" with MS VC++ 10.0 (VS2010)

time: Sun Apr 09 01:10:17 2023
timezone: Egypt Standard Time
elapsed time: 26 seconds (0d 0h 0m 26s)

